0 info it worked if it ends with ok
1 verbose cli [ 'c:\\program files\\nodejs\\node.exe',
1 verbose cli   'c:\\Users\\Family\\.node_modules_global\\node_modules\\npm\\bin\\npm-cli.js',
1 verbose cli   'run',
1 verbose cli   'compress' ]
2 info using npm@4.1.1
3 info using node@v6.9.2
4 verbose run-script [ 'precompress', 'compress', 'postcompress' ]
5 info lifecycle zobel-aerial-photography@2.0.0~precompress: zobel-aerial-photography@2.0.0
6 silly lifecycle zobel-aerial-photography@2.0.0~precompress: no script for precompress, continuing
7 info lifecycle zobel-aerial-photography@2.0.0~compress: zobel-aerial-photography@2.0.0
8 verbose lifecycle zobel-aerial-photography@2.0.0~compress: unsafe-perm in lifecycle true
9 verbose lifecycle zobel-aerial-photography@2.0.0~compress: PATH: c:\Users\Family\.node_modules_global\node_modules\npm\bin\node-gyp-bin;c:\Jeremy\node_modules\.bin;c:\programdata\oracle\java\javapath;c:\program files (x86)\intel\icls client\;c:\program files\intel\icls client\;c:\windows\system32;c:\windows;c:\windows\system32\wbem;c:\windows\system32\windowspowershell\v1.0\;c:\program files (x86)\intel\intel(r) management engine components\dal;c:\program files\intel\intel(r) management engine components\dal;c:\program files (x86)\intel\intel(r) management engine components\ipt;c:\program files\intel\intel(r) management engine components\ipt;c:\windows\system32\config\systemprofile\.dnx\bin;c:\program files\microsoft dnx\dnvm\;c:\windows\system32;c:\windows;c:\windows\system32\wbem;c:\windows\system32\windowspowershell\v1.0\;c:\program files\microsoft\web platform installer\;c:\program files\mongodb\server\3.2\bin;c:\program files\microsoft sql server\120\tools\binn\;c:\program files (x86)\windows kits\10\windows performance toolkit\;c:\program files\git\cmd;c:\users\family\.node_modules_global;c:\program files\worldpainter;c:\program files (x86)\gtksharp\2.12\bin;c:\program files (x86)\heroku\bin;c:\program files (x86)\git\cmd;c:\program files (x86)\git\cmd;c:\program files\nodejs\;C:\Program Files (x86)\NVIDIA Corporation\PhysX\Common;C:\Program Files\Intel\WiFi\bin\;C:\Program Files\Common Files\Intel\WirelessCommon\;C:\Program Files (x86)\Skype\Phone\;C:\ProgramData\Oracle\Java\javapath;C:\Program Files (x86)\Intel\iCLS Client\;C:\Program Files\Intel\iCLS Client\;C:\Windows\system32;C:\Windows;C:\Windows\System32\Wbem;C:\Windows\System32\WindowsPowerShell\v1.0\;C:\Program Files (x86)\Intel\Intel(R) Management Engine Components\DAL;C:\Program Files\Intel\Intel(R) Management Engine Components\DAL;C:\Program Files (x86)\Intel\Intel(R) Management Engine Components\IPT;C:\Program Files\Intel\Intel(R) Management Engine Components\IPT;C:\Program Files (x86)\NVIDIA Corporation\PhysX\Common;C:\WINDOWS\system32\config\systemprofile\.dnx\bin;C:\Program Files\Microsoft DNX\Dnvm\;C:\Program Files (x86)\Skype\Phone\;C:\WINDOWS\system32;C:\WINDOWS;C:\WINDOWS\System32\Wbem;C:\WINDOWS\System32\WindowsPowerShell\v1.0\;C:\Program Files\Intel\WiFi\bin\;C:\Program Files\Common Files\Intel\WirelessCommon\;C:\Program Files\Microsoft\Web Platform Installer\;C:\Program Files\nodejs\;C:\Program Files\MongoDB\Server\3.2\bin;C:\Program Files\Microsoft SQL Server\120\Tools\Binn\;C:\Pr;C:\Users\Family\AppData\Local\atom\bin;C:\Users\Family\AppData\Roaming\npm
10 verbose lifecycle zobel-aerial-photography@2.0.0~compress: CWD: c:\Jeremy
11 silly lifecycle zobel-aerial-photography@2.0.0~compress: Args: [ '/d /s /c', 'minifier ./build/index.js' ]
12 silly lifecycle zobel-aerial-photography@2.0.0~compress: Returned: code: 1  signal: null
13 info lifecycle zobel-aerial-photography@2.0.0~compress: Failed to exec compress script
14 verbose stack Error: zobel-aerial-photography@2.0.0 compress: `minifier ./build/index.js`
14 verbose stack Exit status 1
14 verbose stack     at EventEmitter.<anonymous> (c:\Users\Family\.node_modules_global\node_modules\npm\lib\utils\lifecycle.js:279:16)
14 verbose stack     at emitTwo (events.js:106:13)
14 verbose stack     at EventEmitter.emit (events.js:191:7)
14 verbose stack     at ChildProcess.<anonymous> (c:\Users\Family\.node_modules_global\node_modules\npm\lib\utils\spawn.js:40:14)
14 verbose stack     at emitTwo (events.js:106:13)
14 verbose stack     at ChildProcess.emit (events.js:191:7)
14 verbose stack     at maybeClose (internal/child_process.js:877:16)
14 verbose stack     at Process.ChildProcess._handle.onexit (internal/child_process.js:226:5)
15 verbose pkgid zobel-aerial-photography@2.0.0
16 verbose cwd c:\Jeremy
17 error Windows_NT 10.0.14393
18 error argv "c:\\program files\\nodejs\\node.exe" "c:\\Users\\Family\\.node_modules_global\\node_modules\\npm\\bin\\npm-cli.js" "run" "compress"
19 error node v6.9.2
20 error npm  v4.1.1
21 error code ELIFECYCLE
22 error zobel-aerial-photography@2.0.0 compress: `minifier ./build/index.js`
22 error Exit status 1
23 error Failed at the zobel-aerial-photography@2.0.0 compress script 'minifier ./build/index.js'.
23 error Make sure you have the latest version of node.js and npm installed.
23 error If you do, this is most likely a problem with the zobel-aerial-photography package,
23 error not with npm itself.
23 error Tell the author that this fails on your system:
23 error     minifier ./build/index.js
23 error You can get information on how to open an issue for this project with:
23 error     npm bugs zobel-aerial-photography
23 error Or if that isn't available, you can get their info via:
23 error     npm owner ls zobel-aerial-photography
23 error There is likely additional logging output above.
24 verbose exit [ 1, true ]
